<?xml version="1.0" encoding="UTF-8"?>
<testsuites name="jest tests" tests="4" failures="3" time="6.559">
  <testsuite name="undefined" errors="0" failures="3" skipped="0" timestamp="2022-06-13T13:16:09" time="5.53" tests="4">
    <testcase classname=" initial UI is rendered as expected" name=" initial UI is rendered as expected" time="0.027">
    </testcase>
    <testcase classname=" search is made on by clicking on search button and no results found" name=" search is made on by clicking on search button and no results found" time="1.044">
      <failure>Error: expect(received).not.toBe(expected) // Object.is equality

Expected: not null

&lt;html&gt;
  &lt;head /&gt;
  &lt;body&gt;
    &lt;div&gt;
      &lt;div&gt;
        &lt;h8k-navbar
          header=&quot;Movie List&quot;
        /&gt;
        &lt;div
          class=&quot;layout-column align-items-center mt-50&quot;
        &gt;
          &lt;section
            class=&quot;layout-row align-items-center justify-content-center&quot;
          &gt;
            &lt;input
              class=&quot;large&quot;
              data-testid=&quot;app-input&quot;
              placeholder=&quot;Enter Year eg 2015&quot;
              type=&quot;number&quot;
            /&gt;
            &lt;button
              class=&quot;&quot;
              data-testid=&quot;submit-button&quot;
            &gt;
              Search
            &lt;/button&gt;
          &lt;/section&gt;
          &lt;ul
            class=&quot;mt-50 styled&quot;
            data-testid=&quot;movieList&quot;
          /&gt;
        &lt;/div&gt;
      &lt;/div&gt;
    &lt;/div&gt;
  &lt;/body&gt;
&lt;/html&gt;
    at /Users/admin/Downloads/movie-list-hackerrank-master/src/App.test.js:37:44
    at runWithExpensiveErrorDiagnosticsDisabled (/Users/admin/Downloads/movie-list-hackerrank-master/node_modules/@testing-library/dom/dist/config.js:51:12)
    at checkCallback (/Users/admin/Downloads/movie-list-hackerrank-master/node_modules/@testing-library/dom/dist/wait-for.js:102:75)
    at Timeout.callback (/Users/admin/Downloads/movie-list-hackerrank-master/node_modules/jest-environment-jsdom-fourteen/node_modules/jsdom/lib/jsdom/browser/Window.js:671:19)
    at listOnTimeout (node:internal/timers:557:17)
    at processTimers (node:internal/timers:500:7)</failure>
    </testcase>
    <testcase classname=" search is made on by clicking on search button and result found - test 1" name=" search is made on by clicking on search button and result found - test 1" time="1.014">
      <failure>Error: expect(received).toHaveLength(expected)

Expected length: 2
Received length: 0
Received object: []

&lt;html&gt;
  &lt;head /&gt;
  &lt;body&gt;
    &lt;div&gt;
      &lt;div&gt;
        &lt;h8k-navbar
          header=&quot;Movie List&quot;
        /&gt;
        &lt;div
          class=&quot;layout-column align-items-center mt-50&quot;
        &gt;
          &lt;section
            class=&quot;layout-row align-items-center justify-content-center&quot;
          &gt;
            &lt;input
              class=&quot;large&quot;
              data-testid=&quot;app-input&quot;
              placeholder=&quot;Enter Year eg 2015&quot;
              type=&quot;number&quot;
            /&gt;
            &lt;button
              class=&quot;&quot;
              data-testid=&quot;submit-button&quot;
            &gt;
              Search
            &lt;/button&gt;
          &lt;/section&gt;
          &lt;ul
            class=&quot;mt-50 styled&quot;
            data-testid=&quot;movieList&quot;
          /&gt;
        &lt;/div&gt;
      &lt;/div&gt;
    &lt;/div&gt;
  &lt;/body&gt;
&lt;/html&gt;
    at /Users/admin/Downloads/movie-list-hackerrank-master/src/App.test.js:56:32
    at runWithExpensiveErrorDiagnosticsDisabled (/Users/admin/Downloads/movie-list-hackerrank-master/node_modules/@testing-library/dom/dist/config.js:51:12)
    at checkCallback (/Users/admin/Downloads/movie-list-hackerrank-master/node_modules/@testing-library/dom/dist/wait-for.js:102:75)
    at Timeout.callback (/Users/admin/Downloads/movie-list-hackerrank-master/node_modules/jest-environment-jsdom-fourteen/node_modules/jsdom/lib/jsdom/browser/Window.js:671:19)
    at listOnTimeout (node:internal/timers:557:17)
    at processTimers (node:internal/timers:500:7)</failure>
    </testcase>
    <testcase classname=" search is made on by clicking on search button and result found - test 2" name=" search is made on by clicking on search button and result found - test 2" time="1.017">
      <failure>Error: expect(received).toHaveLength(expected)

Expected length: 5
Received length: 0
Received object: []

&lt;html&gt;
  &lt;head /&gt;
  &lt;body&gt;
    &lt;div&gt;
      &lt;div&gt;
        &lt;h8k-navbar
          header=&quot;Movie List&quot;
        /&gt;
        &lt;div
          class=&quot;layout-column align-items-center mt-50&quot;
        &gt;
          &lt;section
            class=&quot;layout-row align-items-center justify-content-center&quot;
          &gt;
            &lt;input
              class=&quot;large&quot;
              data-testid=&quot;app-input&quot;
              placeholder=&quot;Enter Year eg 2015&quot;
              type=&quot;number&quot;
            /&gt;
            &lt;button
              class=&quot;&quot;
              data-testid=&quot;submit-button&quot;
            &gt;
              Search
            &lt;/button&gt;
          &lt;/section&gt;
          &lt;ul
            class=&quot;mt-50 styled&quot;
            data-testid=&quot;movieList&quot;
          /&gt;
        &lt;/div&gt;
      &lt;/div&gt;
    &lt;/div&gt;
  &lt;/body&gt;
&lt;/html&gt;
    at /Users/admin/Downloads/movie-list-hackerrank-master/src/App.test.js:77:32
    at runWithExpensiveErrorDiagnosticsDisabled (/Users/admin/Downloads/movie-list-hackerrank-master/node_modules/@testing-library/dom/dist/config.js:51:12)
    at checkCallback (/Users/admin/Downloads/movie-list-hackerrank-master/node_modules/@testing-library/dom/dist/wait-for.js:102:75)
    at Timeout.callback (/Users/admin/Downloads/movie-list-hackerrank-master/node_modules/jest-environment-jsdom-fourteen/node_modules/jsdom/lib/jsdom/browser/Window.js:671:19)
    at listOnTimeout (node:internal/timers:557:17)
    at processTimers (node:internal/timers:500:7)</failure>
    </testcase>
  </testsuite>
</testsuites>